date: 2013-12-31 10:40:45.995
argv: node /usr/local/bin/hexo generate
os: Darwin 13.0.0 darwin x64
version:
  hexo: 2.3.0
  http_parser: 1.0
  node: 0.10.12
  v8: 3.14.5.9
  ares: 1.9.0-DEV
  uv: 0.10.11
  zlib: 1.2.3
  modules: 11
  openssl: 1.0.1e
---

[debug] 10:40:45.636 Configuration file load successfully
[debug] 10:40:45.638 Version info checked successfully
[debug] 10:40:45.639 Loading the database...
[debug] 10:40:45.903 Theme layout loaded
[debug] 10:40:45.914 Theme configuration loaded
[debug] 10:40:45.976 Theme source loaded
[debug] 10:40:45.978 Theme i18n loaded
[debug] 10:40:45.988 Processed: _posts/hello-world.md
[error] 10:40:45.989 { rawMessage: 'Unable to parse.',
  parsedLine: 1,
  snippet: '第一章 历史',
  parsedFile: null,
  message: 'Unable to parse.',
  domain: 
   { domain: null,
     _events: { error: [Function] },
     _maxListeners: 10,
     members: [],
     _disposed: true },
  domainThrown: true }